Build started 5/16/2017 2:25:02 PM.
     1>Project "C:\Users\lidkelab\Documents\MATLAB\MIC\development\source\MIC\Kinesis_PCC_Open\Kinesis_PCC_Open.vcxproj" on node 4 (Rebuild target(s)).
     1>ClCompile:
         C:\Program Files (x86)\Microsoft Visual Studio 12.0\VC\bin\x86_amd64\CL.exe /c /Zi /nologo /W3 /WX- /O2 /Oi /GL /D WIN32 /D NDEBUG /D _CONSOLE /D _WINDLL /D _UNICODE /D UNICODE /Gm- /EHsc /MD /GS /Gy /fp:precise /Zc:wchar_t /Zc:forScope /Fo"x64\Release\\" /Fd"x64\Release\vc120.pdb" /Gd /TP /errorReport:prompt mexFunction.cpp
         mexFunction.cpp
     1>mexFunction.cpp(46): warning C4996: 'strncpy': This function or variable may be unsafe. Consider using strncpy_s instead. To disable deprecation, use _CRT_SECURE_NO_WARNINGS. See online help for details.
                 C:\Program Files (x86)\Microsoft Visual Studio 12.0\VC\include\string.h(195) : see declaration of 'strncpy'
     1>mexFunction.cpp(49): warning C4996: 'strncpy': This function or variable may be unsafe. Consider using strncpy_s instead. To disable deprecation, use _CRT_SECURE_NO_WARNINGS. See online help for details.
                 C:\Program Files (x86)\Microsoft Visual Studio 12.0\VC\include\string.h(195) : see declaration of 'strncpy'
       Link:
         C:\Program Files (x86)\Microsoft Visual Studio 12.0\VC\bin\x86_amd64\link.exe /ERRORREPORT:PROMPT /OUT:"C:\Users\lidkelab\Documents\MATLAB\MIC\development\source\MIC\x64\Release\Kinesis_PCC_Open.mexw64" /INCREMENTAL:NO /NOLOGO /LIBPATH:"C:\Program Files\Thorlabs\Kinesis" libmex.lib libmat.lib libmx.lib Thorlabs.MotionControl.TCube.Piezo.lib kernel32.lib user32.lib gdi32.lib winspool.lib comdlg32.lib advapi32.lib shell32.lib ole32.lib oleaut32.lib uuid.lib odbc32.lib odbccp32.lib /DEF:"matlab.def" /MANIFEST /MANIFESTUAC:"level='asInvoker' uiAccess='false'" /manifest:embed /PDB:"C:\Users\lidkelab\Documents\MATLAB\MIC\development\source\MIC\x64\Release\Kinesis_PCC_Open.pdb" /SUBSYSTEM:CONSOLE /OPT:REF /OPT:ICF /LTCG /TLBID:1 /DYNAMICBASE /NXCOMPAT /IMPLIB:"C:\Users\lidkelab\Documents\MATLAB\MIC\development\source\MIC\x64\Release\Kinesis_PCC_Open.lib" /MACHINE:X64 /DLL x64\Release\mexFunction.obj
            Creating library C:\Users\lidkelab\Documents\MATLAB\MIC\development\source\MIC\x64\Release\Kinesis_PCC_Open.lib and object C:\Users\lidkelab\Documents\MATLAB\MIC\development\source\MIC\x64\Release\Kinesis_PCC_Open.exp
         Generating code
         Finished generating code
         Kinesis_PCC_Open.vcxproj -> C:\Users\lidkelab\Documents\MATLAB\MIC\development\source\MIC\x64\Release\Kinesis_PCC_Open.mexw64
       PostBuildEvent:
         xcopy /y /f  "C:\Users\lidkelab\Documents\MATLAB\MIC\development\source\MIC\x64\Release\*.mexw64" "../../../mex64\"
         :VCEnd
         C:\Users\lidkelab\Documents\MATLAB\MIC\development\source\MIC\x64\Release\KinesisMexTemplate.mexw64 -> C:\Users\lidkelab\Documents\MATLAB\MIC\development\mex64\KinesisMexTemplate.mexw64
         C:\Users\lidkelab\Documents\MATLAB\MIC\development\source\MIC\x64\Release\Kinesis_LD_Close.mexw64 -> C:\Users\lidkelab\Documents\MATLAB\MIC\development\mex64\Kinesis_LD_Close.mexw64
         C:\Users\lidkelab\Documents\MATLAB\MIC\development\source\MIC\x64\Release\Kinesis_LD_DisableOutput.mexw64 -> C:\Users\lidkelab\Documents\MATLAB\MIC\development\mex64\Kinesis_LD_DisableOutput.mexw64
         C:\Users\lidkelab\Documents\MATLAB\MIC\development\source\MIC\x64\Release\Kinesis_LD_EnableOutput.mexw64 -> C:\Users\lidkelab\Documents\MATLAB\MIC\development\mex64\Kinesis_LD_EnableOutput.mexw64
         C:\Users\lidkelab\Documents\MATLAB\MIC\development\source\MIC\x64\Release\Kinesis_LD_Identify.mexw64 -> C:\Users\lidkelab\Documents\MATLAB\MIC\development\mex64\Kinesis_LD_Identify.mexw64
         C:\Users\lidkelab\Documents\MATLAB\MIC\development\source\MIC\x64\Release\Kinesis_LD_Open.mexw64 -> C:\Users\lidkelab\Documents\MATLAB\MIC\development\mex64\Kinesis_LD_Open.mexw64
         C:\Users\lidkelab\Documents\MATLAB\MIC\development\source\MIC\x64\Release\Kinesis_LD_SetClosedLoopMode.mexw64 -> C:\Users\lidkelab\Documents\MATLAB\MIC\development\mex64\Kinesis_LD_SetClosedLoopMode.mexw64
         C:\Users\lidkelab\Documents\MATLAB\MIC\development\source\MIC\x64\Release\Kinesis_LD_SetLaserSetPoint.mexw64 -> C:\Users\lidkelab\Documents\MATLAB\MIC\development\mex64\Kinesis_LD_SetLaserSetPoint.mexw64
         C:\Users\lidkelab\Documents\MATLAB\MIC\development\source\MIC\x64\Release\Kinesis_LD_SetOpenLoopMode.mexw64 -> C:\Users\lidkelab\Documents\MATLAB\MIC\development\mex64\Kinesis_LD_SetOpenLoopMode.mexw64
         C:\Users\lidkelab\Documents\MATLAB\MIC\development\source\MIC\x64\Release\Kinesis_LD_SetWACalibFactor.mexw64 -> C:\Users\lidkelab\Documents\MATLAB\MIC\development\mex64\Kinesis_LD_SetWACalibFactor.mexw64
         C:\Users\lidkelab\Documents\MATLAB\MIC\development\source\MIC\x64\Release\Kinesis_PCC_Close.mexw64 -> C:\Users\lidkelab\Documents\MATLAB\MIC\development\mex64\Kinesis_PCC_Close.mexw64
         C:\Users\lidkelab\Documents\MATLAB\MIC\development\source\MIC\x64\Release\Kinesis_PCC_Identify.mexw64 -> C:\Users\lidkelab\Documents\MATLAB\MIC\development\mex64\Kinesis_PCC_Identify.mexw64
         C:\Users\lidkelab\Documents\MATLAB\MIC\development\source\MIC\x64\Release\Kinesis_PCC_Open.mexw64 -> C:\Users\lidkelab\Documents\MATLAB\MIC\development\mex64\Kinesis_PCC_Open.mexw64
         C:\Users\lidkelab\Documents\MATLAB\MIC\development\source\MIC\x64\Release\Kinesis_PCC_Open1.mexw64 -> C:\Users\lidkelab\Documents\MATLAB\MIC\development\mex64\Kinesis_PCC_Open1.mexw64
         C:\Users\lidkelab\Documents\MATLAB\MIC\development\source\MIC\x64\Release\Kinesis_PCC_SetPosition.mexw64 -> C:\Users\lidkelab\Documents\MATLAB\MIC\development\mex64\Kinesis_PCC_SetPosition.mexw64
         C:\Users\lidkelab\Documents\MATLAB\MIC\development\source\MIC\x64\Release\Kinesis_SBC_Close.mexw64 -> C:\Users\lidkelab\Documents\MATLAB\MIC\development\mex64\Kinesis_SBC_Close.mexw64
         C:\Users\lidkelab\Documents\MATLAB\MIC\development\source\MIC\x64\Release\Kinesis_SBC_GetJogStepSize.mexw64 -> C:\Users\lidkelab\Documents\MATLAB\MIC\development\mex64\Kinesis_SBC_GetJogStepSize.mexw64
         C:\Users\lidkelab\Documents\MATLAB\MIC\development\source\MIC\x64\Release\Kinesis_SBC_GetPosition.mexw64 -> C:\Users\lidkelab\Documents\MATLAB\MIC\development\mex64\Kinesis_SBC_GetPosition.mexw64
         C:\Users\lidkelab\Documents\MATLAB\MIC\development\source\MIC\x64\Release\Kinesis_SBC_GetStatusBits.mexw64 -> C:\Users\lidkelab\Documents\MATLAB\MIC\development\mex64\Kinesis_SBC_GetStatusBits.mexw64
         C:\Users\lidkelab\Documents\MATLAB\MIC\development\source\MIC\x64\Release\Kinesis_SBC_Home.mexw64 -> C:\Users\lidkelab\Documents\MATLAB\MIC\development\mex64\Kinesis_SBC_Home.mexw64
         C:\Users\lidkelab\Documents\MATLAB\MIC\development\source\MIC\x64\Release\Kinesis_SBC_MoveJog.mexw64 -> C:\Users\lidkelab\Documents\MATLAB\MIC\development\mex64\Kinesis_SBC_MoveJog.mexw64
         C:\Users\lidkelab\Documents\MATLAB\MIC\development\source\MIC\x64\Release\Kinesis_SBC_MoveToPosition.mexw64 -> C:\Users\lidkelab\Documents\MATLAB\MIC\development\mex64\Kinesis_SBC_MoveToPosition.mexw64
         C:\Users\lidkelab\Documents\MATLAB\MIC\development\source\MIC\x64\Release\Kinesis_SBC_Open.mexw64 -> C:\Users\lidkelab\Documents\MATLAB\MIC\development\mex64\Kinesis_SBC_Open.mexw64
         C:\Users\lidkelab\Documents\MATLAB\MIC\development\source\MIC\x64\Release\Kinesis_SG_Close.mexw64 -> C:\Users\lidkelab\Documents\MATLAB\MIC\development\mex64\Kinesis_SG_Close.mexw64
         C:\Users\lidkelab\Documents\MATLAB\MIC\development\source\MIC\x64\Release\Kinesis_SG_GetReading.mexw64 -> C:\Users\lidkelab\Documents\MATLAB\MIC\development\mex64\Kinesis_SG_GetReading.mexw64
         C:\Users\lidkelab\Documents\MATLAB\MIC\development\source\MIC\x64\Release\Kinesis_SG_Open.mexw64 -> C:\Users\lidkelab\Documents\MATLAB\MIC\development\mex64\Kinesis_SG_Open.mexw64
         C:\Users\lidkelab\Documents\MATLAB\MIC\development\source\MIC\x64\Release\Kinesis_TLI_BuildDeviceList.mexw64 -> C:\Users\lidkelab\Documents\MATLAB\MIC\development\mex64\Kinesis_TLI_BuildDeviceList.mexw64
         27 File(s) copied
     1>Done Building Project "C:\Users\lidkelab\Documents\MATLAB\MIC\development\source\MIC\Kinesis_PCC_Open\Kinesis_PCC_Open.vcxproj" (Rebuild target(s)).

Build succeeded.

Time Elapsed 00:00:01.20
